*** Starting uWSGI 2.0.9 (64bit) on [Wed Mar 18 08:12:30 2015] ***
compiled with version: 4.8.2 on 15 March 2015 07:10:24
os: Linux-3.13.0-29-generic #53-Ubuntu SMP Wed Jun 4 21:00:20 UTC 2014
nodename: ip-172-31-39-69
machine: x86_64
clock source: unix
pcre jit disabled
detected number of CPU cores: 1
current working directory: /home/ubuntu/django_blog
detected binary path: /usr/local/bin/uwsgi
*** WARNING: you are running uWSGI without its master process manager ***
your processes number limit is 7862
your memory page size is 4096 bytes
detected max file descriptor number: 1024
lock engine: pthread robust mutexes
thunder lock: disabled (you can enable it with --thunder-lock)
uwsgi socket 0 bound to TCP address :8077 fd 3
Python version: 2.7.6 (default, Mar 22 2014, 23:03:41)  [GCC 4.8.2]
*** Python threads support is disabled. You can enable it with --enable-threads ***
Python main interpreter initialized at 0x1f14e90
your server socket listen backlog is limited to 100 connections
your mercy for graceful operations on workers is 60 seconds
mapped 291072 bytes (284 KB) for 4 cores
*** Operational MODE: preforking ***
WSGI app 0 (mountpoint='') ready in 0 seconds on interpreter 0x1f14e90 pid: 17505 (default app)
*** uWSGI is running in multiple interpreter mode ***
spawned uWSGI worker 1 (pid: 17505, cores: 1)
spawned uWSGI worker 2 (pid: 17506, cores: 1)
spawned uWSGI worker 3 (pid: 17507, cores: 1)
spawned uWSGI worker 4 (pid: 17508, cores: 1)
*** Starting uWSGI 2.0.9 (64bit) on [Wed Mar 18 08:16:34 2015] ***
compiled with version: 4.8.2 on 15 March 2015 07:10:24
os: Linux-3.13.0-29-generic #53-Ubuntu SMP Wed Jun 4 21:00:20 UTC 2014
nodename: ip-172-31-39-69
machine: x86_64
clock source: unix
pcre jit disabled
detected number of CPU cores: 1
current working directory: /home/ubuntu/django_blog
detected binary path: /usr/local/bin/uwsgi
*** WARNING: you are running uWSGI without its master process manager ***
your processes number limit is 7862
your memory page size is 4096 bytes
detected max file descriptor number: 1024
lock engine: pthread robust mutexes
thunder lock: disabled (you can enable it with --thunder-lock)
uwsgi socket 0 bound to TCP address :8077 fd 3
Python version: 2.7.6 (default, Mar 22 2014, 23:03:41)  [GCC 4.8.2]
*** Python threads support is disabled. You can enable it with --enable-threads ***
Python main interpreter initialized at 0x2024e90
your server socket listen backlog is limited to 100 connections
your mercy for graceful operations on workers is 60 seconds
mapped 291072 bytes (284 KB) for 4 cores
*** Operational MODE: preforking ***
WSGI app 0 (mountpoint='') ready in 0 seconds on interpreter 0x2024e90 pid: 17579 (default app)
*** uWSGI is running in multiple interpreter mode ***
spawned uWSGI worker 1 (pid: 17579, cores: 1)
spawned uWSGI worker 2 (pid: 17580, cores: 1)
spawned uWSGI worker 3 (pid: 17581, cores: 1)
spawned uWSGI worker 4 (pid: 17582, cores: 1)
*** Starting uWSGI 2.0.9 (64bit) on [Wed Mar 18 08:20:44 2015] ***
compiled with version: 4.8.2 on 15 March 2015 07:10:24
os: Linux-3.13.0-29-generic #53-Ubuntu SMP Wed Jun 4 21:00:20 UTC 2014
nodename: ip-172-31-39-69
machine: x86_64
clock source: unix
pcre jit disabled
detected number of CPU cores: 1
current working directory: /home/ubuntu/django_blog
detected binary path: /usr/local/bin/uwsgi
*** WARNING: you are running uWSGI without its master process manager ***
your processes number limit is 7862
your memory page size is 4096 bytes
detected max file descriptor number: 1024
lock engine: pthread robust mutexes
thunder lock: disabled (you can enable it with --thunder-lock)
uwsgi socket 0 bound to TCP address :8007 fd 3
Python version: 2.7.6 (default, Mar 22 2014, 23:03:41)  [GCC 4.8.2]
*** Python threads support is disabled. You can enable it with --enable-threads ***
Python main interpreter initialized at 0x1486e90
your server socket listen backlog is limited to 100 connections
your mercy for graceful operations on workers is 60 seconds
mapped 72768 bytes (71 KB) for 1 cores
*** Operational MODE: single process ***
WSGI app 0 (mountpoint='') ready in 0 seconds on interpreter 0x1486e90 pid: 17654 (default app)
*** uWSGI is running in multiple interpreter mode ***
spawned uWSGI worker 1 (and the only) (pid: 17654, cores: 1)
[pid: 17654|app: 0|req: 1/1] 183.206.175.106 () {42 vars in 825 bytes} [Wed Mar 18 08:20:48 2015] GET / => generated 3826 bytes in 130 msecs (HTTP/1.1 200) 2 headers in 88 bytes (1 switches on core 0)
[pid: 17654|app: 0|req: 2/2] 183.206.175.106 () {44 vars in 864 bytes} [Wed Mar 18 08:20:48 2015] GET /static/blog.css => generated 3175 bytes in 4 msecs (HTTP/1.1 404) 2 headers in 80 bytes (1 switches on core 0)
[pid: 17654|app: 0|req: 3/3] 183.206.175.106 () {44 vars in 870 bytes} [Wed Mar 18 08:20:48 2015] GET /static/monokai.css => generated 3184 bytes in 4 msecs (HTTP/1.1 404) 2 headers in 80 bytes (1 switches on core 0)
[pid: 17654|app: 0|req: 4/4] 183.206.175.106 () {42 vars in 817 bytes} [Wed Mar 18 08:26:13 2015] GET / => generated 3826 bytes in 26 msecs (HTTP/1.1 200) 2 headers in 88 bytes (1 switches on core 0)
[pid: 17654|app: 0|req: 5/5] 183.206.175.106 () {42 vars in 801 bytes} [Wed Mar 18 08:26:14 2015] GET /static/blog.css => generated 3175 bytes in 4 msecs (HTTP/1.1 404) 2 headers in 80 bytes (1 switches on core 0)
[pid: 17654|app: 0|req: 6/6] 183.206.175.106 () {42 vars in 807 bytes} [Wed Mar 18 08:26:14 2015] GET /static/monokai.css => generated 3184 bytes in 3 msecs (HTTP/1.1 404) 2 headers in 80 bytes (1 switches on core 0)
[pid: 17654|app: 0|req: 7/7] 183.206.175.106 () {42 vars in 865 bytes} [Wed Mar 18 08:26:19 2015] GET /static/blog.css => generated 3175 bytes in 4 msecs (HTTP/1.1 404) 2 headers in 80 bytes (1 switches on core 0)
*** Starting uWSGI 2.0.9 (64bit) on [Wed Mar 18 08:27:09 2015] ***
compiled with version: 4.8.2 on 15 March 2015 07:10:24
os: Linux-3.13.0-29-generic #53-Ubuntu SMP Wed Jun 4 21:00:20 UTC 2014
nodename: ip-172-31-39-69
machine: x86_64
clock source: unix
pcre jit disabled
detected number of CPU cores: 1
current working directory: /home/ubuntu/django_blog
detected binary path: /usr/local/bin/uwsgi
*** WARNING: you are running uWSGI without its master process manager ***
your processes number limit is 7862
your memory page size is 4096 bytes
detected max file descriptor number: 1024
lock engine: pthread robust mutexes
thunder lock: disabled (you can enable it with --thunder-lock)
uwsgi socket 0 bound to TCP address :8007 fd 3
Python version: 2.7.6 (default, Mar 22 2014, 23:03:41)  [GCC 4.8.2]
*** Python threads support is disabled. You can enable it with --enable-threads ***
Python main interpreter initialized at 0x1363e90
your server socket listen backlog is limited to 100 connections
your mercy for graceful operations on workers is 60 seconds
mapped 72768 bytes (71 KB) for 1 cores
*** Operational MODE: single process ***
WSGI app 0 (mountpoint='') ready in 0 seconds on interpreter 0x1363e90 pid: 17707 (default app)
*** uWSGI is running in multiple interpreter mode ***
spawned uWSGI worker 1 (and the only) (pid: 17707, cores: 1)
[pid: 17707|app: 0|req: 1/1] 183.206.175.106 () {42 vars in 825 bytes} [Wed Mar 18 08:27:13 2015] GET / => generated 3826 bytes in 127 msecs (HTTP/1.1 200) 2 headers in 88 bytes (1 switches on core 0)
[pid: 17707|app: 0|req: 2/2] 183.206.175.106 () {42 vars in 809 bytes} [Wed Mar 18 08:27:13 2015] GET /static/blog.css => generated 3175 bytes in 4 msecs (HTTP/1.1 404) 2 headers in 80 bytes (1 switches on core 0)
[pid: 17707|app: 0|req: 3/3] 183.206.175.106 () {42 vars in 815 bytes} [Wed Mar 18 08:27:13 2015] GET /static/monokai.css => generated 3184 bytes in 4 msecs (HTTP/1.1 404) 2 headers in 80 bytes (1 switches on core 0)
[pid: 17707|app: 0|req: 4/4] 183.206.175.106 () {42 vars in 849 bytes} [Wed Mar 18 08:27:30 2015] GET /archive => generated 0 bytes in 1 msecs (HTTP/1.1 301) 3 headers in 148 bytes (1 switches on core 0)
[pid: 17707|app: 0|req: 5/5] 183.206.175.106 () {42 vars in 851 bytes} [Wed Mar 18 08:27:30 2015] GET /archive/ => generated 3342 bytes in 6 msecs (HTTP/1.1 200) 2 headers in 88 bytes (1 switches on core 0)
[pid: 17707|app: 0|req: 6/6] 183.206.175.106 () {42 vars in 817 bytes} [Wed Mar 18 08:27:31 2015] GET /static/blog.css => generated 3175 bytes in 4 msecs (HTTP/1.1 404) 2 headers in 80 bytes (1 switches on core 0)
[pid: 17707|app: 0|req: 7/7] 183.206.175.106 () {42 vars in 823 bytes} [Wed Mar 18 08:27:31 2015] GET /static/monokai.css => generated 3184 bytes in 3 msecs (HTTP/1.1 404) 2 headers in 80 bytes (1 switches on core 0)
[pid: 17707|app: 0|req: 8/8] 183.206.175.106 () {42 vars in 825 bytes} [Wed Mar 18 08:29:34 2015] GET / => generated 3826 bytes in 27 msecs (HTTP/1.1 200) 2 headers in 88 bytes (1 switches on core 0)
[pid: 17707|app: 0|req: 9/9] 183.206.175.106 () {42 vars in 835 bytes} [Wed Mar 18 08:29:35 2015] GET / => generated 3826 bytes in 11 msecs (HTTP/1.1 200) 2 headers in 88 bytes (1 switches on core 0)
[pid: 17707|app: 0|req: 10/10] 183.206.175.106 () {42 vars in 809 bytes} [Wed Mar 18 08:29:36 2015] GET /static/blog.css => generated 3175 bytes in 4 msecs (HTTP/1.1 404) 2 headers in 80 bytes (1 switches on core 0)
[pid: 17707|app: 0|req: 11/11] 183.206.175.106 () {42 vars in 815 bytes} [Wed Mar 18 08:29:36 2015] GET /static/monokai.css => generated 3184 bytes in 3 msecs (HTTP/1.1 404) 2 headers in 80 bytes (1 switches on core 0)
*** Starting uWSGI 2.0.9 (64bit) on [Wed Mar 18 08:29:58 2015] ***
compiled with version: 4.8.2 on 15 March 2015 07:10:24
os: Linux-3.13.0-29-generic #53-Ubuntu SMP Wed Jun 4 21:00:20 UTC 2014
nodename: ip-172-31-39-69
machine: x86_64
clock source: unix
pcre jit disabled
detected number of CPU cores: 1
current working directory: /home/ubuntu/django_blog
detected binary path: /usr/local/bin/uwsgi
*** WARNING: you are running uWSGI without its master process manager ***
your processes number limit is 7862
your memory page size is 4096 bytes
detected max file descriptor number: 1024
lock engine: pthread robust mutexes
thunder lock: disabled (you can enable it with --thunder-lock)
uwsgi socket 0 bound to TCP address :8007 fd 3
Python version: 2.7.6 (default, Mar 22 2014, 23:03:41)  [GCC 4.8.2]
*** Python threads support is disabled. You can enable it with --enable-threads ***
Python main interpreter initialized at 0x1473e90
your server socket listen backlog is limited to 100 connections
your mercy for graceful operations on workers is 60 seconds
mapped 72768 bytes (71 KB) for 1 cores
*** Operational MODE: single process ***
WSGI app 0 (mountpoint='') ready in 0 seconds on interpreter 0x1473e90 pid: 17722 (default app)
*** uWSGI is running in multiple interpreter mode ***
spawned uWSGI worker 1 (and the only) (pid: 17722, cores: 1)
[pid: 17722|app: 0|req: 1/1] 183.206.175.106 () {42 vars in 825 bytes} [Wed Mar 18 08:30:00 2015] GET / => generated 3826 bytes in 129 msecs (HTTP/1.1 200) 2 headers in 88 bytes (1 switches on core 0)
[pid: 17722|app: 0|req: 2/2] 183.206.175.106 () {42 vars in 809 bytes} [Wed Mar 18 08:30:01 2015] GET /static/blog.css => generated 3175 bytes in 4 msecs (HTTP/1.1 404) 2 headers in 80 bytes (1 switches on core 0)
[pid: 17722|app: 0|req: 3/3] 183.206.175.106 () {42 vars in 815 bytes} [Wed Mar 18 08:30:01 2015] GET /static/monokai.css => generated 3184 bytes in 3 msecs (HTTP/1.1 404) 2 headers in 80 bytes (1 switches on core 0)
[pid: 17722|app: 0|req: 4/4] 183.206.175.106 () {42 vars in 871 bytes} [Wed Mar 18 08:31:08 2015] GET /static/monokai.css => generated 3184 bytes in 4 msecs (HTTP/1.1 404) 2 headers in 80 bytes (1 switches on core 0)
*** Starting uWSGI 2.0.9 (64bit) on [Wed Mar 18 08:38:22 2015] ***
compiled with version: 4.8.2 on 15 March 2015 07:10:24
os: Linux-3.13.0-29-generic #53-Ubuntu SMP Wed Jun 4 21:00:20 UTC 2014
nodename: ip-172-31-39-69
machine: x86_64
clock source: unix
pcre jit disabled
detected number of CPU cores: 1
current working directory: /home/ubuntu/django_blog
detected binary path: /usr/local/bin/uwsgi
*** WARNING: you are running uWSGI without its master process manager ***
your processes number limit is 7862
your memory page size is 4096 bytes
detected max file descriptor number: 1024
lock engine: pthread robust mutexes
thunder lock: disabled (you can enable it with --thunder-lock)
uwsgi socket 0 bound to TCP address :8007 fd 3
Python version: 2.7.6 (default, Mar 22 2014, 23:03:41)  [GCC 4.8.2]
*** Python threads support is disabled. You can enable it with --enable-threads ***
Python main interpreter initialized at 0x214ae90
your server socket listen backlog is limited to 100 connections
your mercy for graceful operations on workers is 60 seconds
mapped 72768 bytes (71 KB) for 1 cores
*** Operational MODE: single process ***
WSGI app 0 (mountpoint='') ready in 0 seconds on interpreter 0x214ae90 pid: 17884 (default app)
*** uWSGI is running in multiple interpreter mode ***
spawned uWSGI worker 1 (and the only) (pid: 17884, cores: 1)
[pid: 17884|app: 0|req: 1/1] 183.206.175.106 () {42 vars in 817 bytes} [Wed Mar 18 08:38:44 2015] GET / => generated 3826 bytes in 129 msecs (HTTP/1.1 200) 2 headers in 88 bytes (1 switches on core 0)
*** Starting uWSGI 2.0.9 (64bit) on [Wed Mar 18 08:54:55 2015] ***
compiled with version: 4.8.2 on 15 March 2015 07:10:24
os: Linux-3.13.0-29-generic #53-Ubuntu SMP Wed Jun 4 21:00:20 UTC 2014
nodename: ip-172-31-39-69
machine: x86_64
clock source: unix
pcre jit disabled
detected number of CPU cores: 1
current working directory: /home/ubuntu/django_blog
detected binary path: /usr/local/bin/uwsgi
uWSGI running as root, you can use --uid/--gid/--chroot options
*** WARNING: you are running uWSGI as root !!! (use the --uid flag) *** 
*** WARNING: you are running uWSGI without its master process manager ***
your processes number limit is 7862
your memory page size is 4096 bytes
detected max file descriptor number: 1024
lock engine: pthread robust mutexes
thunder lock: disabled (you can enable it with --thunder-lock)
uwsgi socket 0 bound to TCP address :8007 fd 3
Python version: 2.7.6 (default, Mar 22 2014, 23:03:41)  [GCC 4.8.2]
*** Python threads support is disabled. You can enable it with --enable-threads ***
Python main interpreter initialized at 0x1e2fd10
your server socket listen backlog is limited to 100 connections
your mercy for graceful operations on workers is 60 seconds
mapped 72768 bytes (71 KB) for 1 cores
*** Operational MODE: single process ***
WSGI app 0 (mountpoint='') ready in 1 seconds on interpreter 0x1e2fd10 pid: 18072 (default app)
*** uWSGI is running in multiple interpreter mode ***
spawned uWSGI worker 1 (and the only) (pid: 18072, cores: 1)
[pid: 18072|app: 0|req: 1/1] 183.206.175.106 () {42 vars in 825 bytes} [Wed Mar 18 08:55:17 2015] GET / => generated 3826 bytes in 129 msecs (HTTP/1.1 200) 2 headers in 88 bytes (1 switches on core 0)
[pid: 18072|app: 0|req: 2/2] 183.206.175.106 () {42 vars in 839 bytes} [Wed Mar 18 08:55:30 2015] GET /5/ => generated 3167 bytes in 24 msecs (HTTP/1.1 200) 2 headers in 88 bytes (1 switches on core 0)
[pid: 18072|app: 0|req: 3/3] 183.206.175.106 () {42 vars in 837 bytes} [Wed Mar 18 08:55:33 2015] GET / => generated 3826 bytes in 10 msecs (HTTP/1.1 200) 2 headers in 88 bytes (1 switches on core 0)
[pid: 18072|app: 0|req: 4/4] 183.206.175.106 () {42 vars in 839 bytes} [Wed Mar 18 08:55:35 2015] GET /5/ => generated 3167 bytes in 5 msecs (HTTP/1.1 200) 2 headers in 88 bytes (1 switches on core 0)
[pid: 18072|app: 0|req: 5/5] 183.206.175.106 () {42 vars in 837 bytes} [Wed Mar 18 08:56:59 2015] GET / => generated 3826 bytes in 11 msecs (HTTP/1.1 200) 2 headers in 88 bytes (1 switches on core 0)
[pid: 18072|app: 0|req: 6/6] 183.206.175.106 () {42 vars in 817 bytes} [Wed Mar 18 08:59:35 2015] GET / => generated 3826 bytes in 10 msecs (HTTP/1.1 200) 2 headers in 88 bytes (1 switches on core 0)
[pid: 18072|app: 0|req: 7/7] 183.206.175.106 () {42 vars in 827 bytes} [Wed Mar 18 08:59:36 2015] GET / => generated 3826 bytes in 10 msecs (HTTP/1.1 200) 2 headers in 88 bytes (1 switches on core 0)
[pid: 18072|app: 0|req: 8/8] 183.206.175.106 () {40 vars in 752 bytes} [Wed Mar 18 08:59:44 2015] GET /?fiddler=129299 => generated 3826 bytes in 10 msecs (HTTP/1.1 200) 2 headers in 88 bytes (1 switches on core 0)
[pid: 18072|app: 0|req: 9/9] 183.206.175.106 () {42 vars in 848 bytes} [Wed Mar 18 09:05:03 2015] GET /?page=2 => generated 2627 bytes in 6 msecs (HTTP/1.1 200) 2 headers in 88 bytes (1 switches on core 0)
[pid: 18072|app: 0|req: 10/10] 183.206.175.106 () {42 vars in 855 bytes} [Wed Mar 18 09:05:05 2015] GET /?page=1 => generated 3826 bytes in 10 msecs (HTTP/1.1 200) 2 headers in 88 bytes (1 switches on core 0)
[pid: 18072|app: 0|req: 11/11] 183.206.175.106 () {42 vars in 846 bytes} [Wed Mar 18 09:05:07 2015] GET /5/ => generated 3167 bytes in 5 msecs (HTTP/1.1 200) 2 headers in 88 bytes (1 switches on core 0)
[pid: 18072|app: 0|req: 12/12] 183.206.175.106 () {42 vars in 837 bytes} [Wed Mar 18 09:06:10 2015] GET / => generated 3826 bytes in 10 msecs (HTTP/1.1 200) 2 headers in 88 bytes (1 switches on core 0)
[pid: 18072|app: 0|req: 13/13] 183.206.160.234 () {40 vars in 786 bytes} [Thu Mar 19 02:12:03 2015] GET / => generated 3826 bytes in 10 msecs (HTTP/1.1 200) 2 headers in 88 bytes (1 switches on core 0)
[pid: 18072|app: 0|req: 14/14] 183.206.160.234 () {40 vars in 737 bytes} [Thu Mar 19 02:12:05 2015] GET /favicon.ico => generated 3163 bytes in 4 msecs (HTTP/1.1 404) 2 headers in 80 bytes (1 switches on core 0)
[pid: 18072|app: 0|req: 15/15] 183.206.160.234 () {40 vars in 808 bytes} [Thu Mar 19 02:12:08 2015] GET /address => generated 0 bytes in 1 msecs (HTTP/1.1 301) 3 headers in 148 bytes (1 switches on core 0)
[pid: 18072|app: 0|req: 16/16] 183.206.160.234 () {40 vars in 810 bytes} [Thu Mar 19 02:12:09 2015] GET /address/ => generated 4704 bytes in 7 msecs (HTTP/1.1 200) 2 headers in 88 bytes (1 switches on core 0)
[pid: 18072|app: 0|req: 17/17] 183.206.160.234 () {40 vars in 800 bytes} [Thu Mar 19 05:31:08 2015] GET /address => generated 0 bytes in 0 msecs (HTTP/1.1 301) 3 headers in 148 bytes (1 switches on core 0)
[pid: 18072|app: 0|req: 18/18] 183.206.160.234 () {40 vars in 802 bytes} [Thu Mar 19 05:31:08 2015] GET /address/ => generated 4706 bytes in 6 msecs (HTTP/1.1 200) 2 headers in 88 bytes (1 switches on core 0)
[pid: 18072|app: 0|req: 19/19] 183.206.160.234 () {40 vars in 808 bytes} [Thu Mar 19 05:31:12 2015] GET /address => generated 0 bytes in 1 msecs (HTTP/1.1 301) 3 headers in 148 bytes (1 switches on core 0)
[pid: 18072|app: 0|req: 20/20] 183.206.160.234 () {40 vars in 818 bytes} [Thu Mar 19 05:31:22 2015] GET /request_info => generated 3166 bytes in 4 msecs (HTTP/1.1 404) 2 headers in 80 bytes (1 switches on core 0)
[pid: 18072|app: 0|req: 21/21] 183.206.160.234 () {40 vars in 818 bytes} [Thu Mar 19 05:31:44 2015] GET /request-info => generated 3166 bytes in 4 msecs (HTTP/1.1 404) 2 headers in 80 bytes (1 switches on core 0)
[pid: 18072|app: 0|req: 22/22] 183.206.160.234 () {42 vars in 849 bytes} [Thu Mar 19 05:32:06 2015] GET /request-info => generated 3166 bytes in 4 msecs (HTTP/1.1 404) 2 headers in 80 bytes (1 switches on core 0)
[pid: 18072|app: 0|req: 23/23] 183.206.160.234 () {42 vars in 849 bytes} [Thu Mar 19 05:32:09 2015] GET /request-info => generated 3166 bytes in 4 msecs (HTTP/1.1 404) 2 headers in 80 bytes (1 switches on core 0)
[pid: 18072|app: 0|req: 24/24] 183.206.160.234 () {42 vars in 849 bytes} [Thu Mar 19 05:33:08 2015] GET /request-info => generated 3166 bytes in 4 msecs (HTTP/1.1 404) 2 headers in 80 bytes (1 switches on core 0)
